# JRE version: OpenJDK Runtime Environment Temurin-21.0.7+6 (21.0.7+6) (build 21.0.7+6-LTS)
# Java VM: OpenJDK 64-Bit Server VM Temurin-21.0.7+6 (21.0.7+6-LTS, mixed mode, sharing, tiered, compressed oops, compressed class ptrs, g1 gc, windows-amd64)
GC Precious Log:
 CardTable entry size: 512
 Card Set container configuration: InlinePtr #cards 4 size 8 Array Of Cards #cards 32 size 80 Howl #buckets 8 coarsen threshold 7372 Howl Bitmap #cards 1024 size 144 coarsen threshold 921 Card regions per heap region 1 cards per card region 8192
 CPUs: 22 total, 22 available
 Memory: 32276M
 Large Page Support: Disabled
 NUMA Support: Disabled
 Compressed Oops: Enabled (Zero based)
 Heap Region Size: 4M
 Heap Min Capacity: 8M
 Heap Initial Capacity: 508M
 Heap Max Capacity: 8072M
 Pre-touch: Disabled
 Parallel Workers: 16
 Concurrent Workers: 4
 Concurrent Refinement Workers: 16
 Periodic GC: Disabled
Heap:
 garbage-first heap   total 110592K, used 34395K [0x0000000607800000, 0x0000000800000000)
  region size 4096K, 4 young (16384K), 2 survivors (8192K)
 Metaspace       used 21380K, committed 21760K, reserved 1114112K
  class space    used 2110K, committed 2304K, reserved 1048576K
GC Heap History (16 events):
Event: 0.670 GC heap before
{Heap before GC invocations=0 (full 0):
 garbage-first heap   total 520192K, used 20480K [0x0000000607800000, 0x0000000800000000)
  region size 4096K, 6 young (24576K), 0 survivors (0K)
 Metaspace       used 4917K, committed 5056K, reserved 1114112K
  class space    used 463K, committed 512K, reserved 1048576K
}
Event: 0.676 GC heap after
{Heap after GC invocations=1 (full 0):
 garbage-first heap   total 520192K, used 7766K [0x0000000607800000, 0x0000000800000000)
  region size 4096K, 1 young (4096K), 1 survivors (4096K)
 Metaspace       used 4917K, committed 5056K, reserved 1114112K
  class space    used 463K, committed 512K, reserved 1048576K
}
Event: 1.003 GC heap before
{Heap before GC invocations=1 (full 0):
 garbage-first heap   total 520192K, used 28246K [0x0000000607800000, 0x0000000800000000)
  region size 4096K, 6 young (24576K), 1 survivors (4096K)
 Metaspace       used 9433K, committed 9664K, reserved 1114112K
  class space    used 938K, committed 1024K, reserved 1048576K
}
Event: 1.006 GC heap after
{Heap after GC invocations=2 (full 0):
 garbage-first heap   total 520192K, used 10538K [0x0000000607800000, 0x0000000800000000)
  region size 4096K, 1 young (4096K), 1 survivors (4096K)
 Metaspace       used 9433K, committed 9664K, reserved 1114112K
  class space    used 938K, committed 1024K, reserved 1048576K
}
Event: 28.617 GC heap before
{Heap before GC invocations=2 (full 0):
 garbage-first heap   total 520192K, used 80170K [0x0000000607800000, 0x0000000800000000)
  region size 4096K, 19 young (77824K), 1 survivors (4096K)
 Metaspace       used 18730K, committed 19136K, reserved 1114112K
  class space    used 2049K, committed 2240K, reserved 1048576K
}
Event: 28.627 GC heap after
{Heap after GC invocations=3 (full 0):
 garbage-first heap   total 520192K, used 18581K [0x0000000607800000, 0x0000000800000000)
  region size 4096K, 3 young (12288K), 3 survivors (12288K)
 Metaspace       used 18730K, committed 19136K, reserved 1114112K
  class space    used 2049K, committed 2240K, reserved 1048576K
}
Event: 134.669 GC heap before
{Heap before GC invocations=3 (full 0):
 garbage-first heap   total 520192K, used 108693K [0x0000000607800000, 0x0000000800000000)
  region size 4096K, 25 young (102400K), 3 survivors (12288K)
 Metaspace       used 19738K, committed 20096K, reserved 1114112K
  class space    used 2082K, committed 2240K, reserved 1048576K
}
Event: 134.677 GC heap after
{Heap after GC invocations=4 (full 0):
 garbage-first heap   total 520192K, used 21084K [0x0000000607800000, 0x0000000800000000)
  region size 4096K, 3 young (12288K), 3 survivors (12288K)
 Metaspace       used 19738K, committed 20096K, reserved 1114112K
  class space    used 2082K, committed 2240K, reserved 1048576K
}
Event: 505.499 GC heap before
{Heap before GC invocations=4 (full 0):
 garbage-first heap   total 520192K, used 315996K [0x0000000607800000, 0x0000000800000000)
  region size 4096K, 76 young (311296K), 3 survivors (12288K)
 Metaspace       used 21079K, committed 21440K, reserved 1114112K
  class space    used 2100K, committed 2240K, reserved 1048576K
}
Event: 505.509 GC heap after
{Heap after GC invocations=5 (full 0):
 garbage-first heap   total 520192K, used 27389K [0x0000000607800000, 0x0000000800000000)
  region size 4096K, 5 young (20480K), 5 survivors (20480K)
 Metaspace       used 21079K, committed 21440K, reserved 1114112K
  class space    used 2100K, committed 2240K, reserved 1048576K
}
Event: 552.838 GC heap before
{Heap before GC invocations=5 (full 0):
 garbage-first heap   total 520192K, used 72445K [0x0000000607800000, 0x0000000800000000)
  region size 4096K, 17 young (69632K), 5 survivors (20480K)
 Metaspace       used 21191K, committed 21504K, reserved 1114112K
  class space    used 2102K, committed 2240K, reserved 1048576K
}
Event: 552.844 GC heap after
{Heap after GC invocations=6 (full 0):
 garbage-first heap   total 520192K, used 27665K [0x0000000607800000, 0x0000000800000000)
  region size 4096K, 5 young (20480K), 5 survivors (20480K)
 Metaspace       used 21191K, committed 21504K, reserved 1114112K
  class space    used 2102K, committed 2240K, reserved 1048576K
}
Event: 617.290 GC heap before
{Heap before GC invocations=7 (full 0):
 garbage-first heap   total 110592K, used 72721K [0x0000000607800000, 0x0000000800000000)
  region size 4096K, 16 young (65536K), 5 survivors (20480K)
 Metaspace       used 21281K, committed 21696K, reserved 1114112K
  class space    used 2108K, committed 2304K, reserved 1048576K
}
Event: 617.300 GC heap after
{Heap after GC invocations=8 (full 0):
 garbage-first heap   total 110592K, used 28959K [0x0000000607800000, 0x0000000800000000)
  region size 4096K, 1 young (4096K), 1 survivors (4096K)
 Metaspace       used 21281K, committed 21696K, reserved 1114112K
  class space    used 2108K, committed 2304K, reserved 1048576K
}
Event: 761.745 GC heap before
{Heap before GC invocations=8 (full 0):
 garbage-first heap   total 110592K, used 86303K [0x0000000607800000, 0x0000000800000000)
  region size 4096K, 16 young (65536K), 1 survivors (4096K)
 Metaspace       used 21348K, committed 21760K, reserved 1114112K
  class space    used 2109K, committed 2304K, reserved 1048576K
}
Event: 761.751 GC heap after
{Heap after GC invocations=9 (full 0):
 garbage-first heap   total 110592K, used 30299K [0x0000000607800000, 0x0000000800000000)
  region size 4096K, 2 young (8192K), 2 survivors (8192K)
 Metaspace       used 21348K, committed 21760K, reserved 1114112K
  class space    used 2109K, committed 2304K, reserved 1048576K
}

